     1                                  bits 32
     2                                  
     3                                  
     4                                  global start        
     5                                  
     6                                  
     7                                  extern exit, printf, scanf           
     8                                  import exit msvcrt.dll
     9                                  import printf msvcrt.dll
    10                                  import scanf msvcrt.dll
    11                                  
    12                                  segment data use32 class=data
    13                                      ; ...
    14 00000000 256300                      format db "%c", 0
    15 00000003 2563256300                  format1 db "%c%c", 0
    16 00000008 <res 00000002>              chr resb 2
    17 0000000A 303132333435363738-         tabHexa db "0123456789ABCDEF"
    17 00000013 39414243444546     
    18                                  ; our code starts here
    19                                  segment code use32 class=code
    20                                      start:
    21 00000000 68[08000000]                    push DWORD chr
    22 00000005 68[00000000]                    push DWORD format
    23 0000000A FF15[00000000]                  call [scanf]
    24 00000010 83C408                          add ESP, 4*2
    25                                          
    26 00000013 A0[08000000]                    mov AL, [chr]
    27                                          
    28 00000018 88C4                            mov AH, AL
    29 0000001A BB[0A000000]                    mov EBX, tabHexa
    30 0000001F C0E804                          shr AL, 4
    31 00000022 D7                              xlat
    32 00000023 A2[08000000]                    mov [chr], AL
    33 00000028 88E0                            mov AL, AH
    34 0000002A 240F                            and AL, 0Fh
    35 0000002C D7                              xlat
    36 0000002D A2[09000000]                    mov [chr + 1], AL
    37                                          
    38 00000032 FF35[09000000]                  push DWORD [chr + 1]
    39 00000038 FF35[08000000]                  push DWORD [chr]
    40 0000003E 68[03000000]                    push DWORD format1
    41 00000043 FF15[00000000]                  call [printf]
    42 00000049 83C40C                          add ESP, 4*3
    43                                          
    44 0000004C 6A00                            push    dword 0      
    45 0000004E FF15[00000000]                  call    [exit]      
